[2020-10-16 10:03:15]	17143 	INFO 	DBA_RUN_PROCESS_MODE:1
[2020-10-16 10:03:15]	17143 	INFO 	Get DBA_RUN_PROCESS_MODE Success!
[2020-10-16 10:03:15]	17143 	INFO 	Get DBA OS_CPU_Core=4;OS_MEM=16G;OS_SYS_DISK=268.435G
[2020-10-16 10:03:15]	17143 	INFO 	DBC_count=1
[2020-10-16 10:03:15]	17143 	INFO 	Get tcpreplay_kernel_version=el6
[2020-10-16 10:03:16]	17143 	INFO 	Get DBA_kernel_version=el6
[2020-10-16 10:03:16]	17143 	INFO 	nmon Begin run! nmon_pid=17562,output file:/home/DBA_Auto_PT/data_nmon/DBSEC_DBA_201016_1003.nmon
[2020-10-16 10:03:35]	17143 	INFO 	tcpreplay run before time=2020-10-16 10:03:35
[2020-10-16 10:03:35]	17143 	INFO 	Get_info_before_time=2020-10-16 10:03:35
[2020-10-16 10:03:35]	17143 	INFO 	Get system_param table summary_count=0
[2020-10-16 10:03:35]	17143 	INFO 	Get summary_xml_history table index_count=NULL
[2020-10-16 10:03:35]	17143 	INFO 	Get trace_logs_detail_part table count=0
[2020-10-16 10:03:35]	17143 	INFO 	Get inst_db_count table sql=0
[2020-10-16 10:03:35]	17143 	INFO 	Get sga_sql=0
[2020-10-16 10:03:35]	17143 	INFO 	Get eth3 tcpreplay_Tx_pck=287560 tcpreplay_T_d_pck=0
[2020-10-16 10:03:35]	17143 	INFO 	Get_info_after_time=2020-10-16 10:03:35
[2020-10-16 10:03:35]	17143 	INFO 	Get_info_time=0.67755
[2020-10-16 10:03:35]	17143 	INFO 	Get CPU_ALL %User MAX=8.4 AVG=7.8 MIN=7.2
[2020-10-16 10:03:35]	17143 	INFO 	Get CPU_ALL %Sys MAX=11.7 AVG=11.3 MIN=10.9
[2020-10-16 10:03:35]	17143 	INFO 	Get CPU_ALL %CPU MAX=20.1 AVG=19.1 MIN=18.1
[2020-10-16 10:03:35]	17143 	INFO 	Get CPU001 %User MAX=9.5 AVG=8.4 MIN=7.3
[2020-10-16 10:03:35]	17143 	INFO 	Get CPU001 %Sys MAX=10.1 AVG=10.0 MIN=9.9
[2020-10-16 10:03:35]	17143 	INFO 	Get CPU001 %CPU MAX=19.6 AVG=18.4 MIN=17.2
[2020-10-16 10:03:35]	17143 	INFO 	Get CPU002 %User MAX=11.3 AVG=10.3 MIN=9.3
[2020-10-16 10:03:35]	17143 	INFO 	Get CPU002 %Sys MAX=17.7 AVG=15.0 MIN=12.3
[2020-10-16 10:03:35]	17143 	INFO 	Get CPU002 %CPU MAX=29 AVG=25.3 MIN=21.6
[2020-10-16 10:03:35]	17143 	INFO 	Get CPU003 %User MAX=14.3 AVG=12.3 MIN=10.3
[2020-10-16 10:03:35]	17143 	INFO 	Get CPU003 %Sys MAX=21.0 AVG=19.8 MIN=18.5
[2020-10-16 10:03:35]	17143 	INFO 	Get CPU003 %CPU MAX=35.3 AVG=32.1 MIN=28.8
[2020-10-16 10:03:35]	17143 	INFO 	Get CPU004 %User MAX=0.4 AVG=0.3 MIN=0.2
[2020-10-16 10:03:35]	17143 	INFO 	Get CPU004 %Sys MAX=0.4 AVG=0.3 MIN=0.2
[2020-10-16 10:03:35]	17143 	INFO 	Get CPU004 %CPU MAX=0.8 AVG=0.6 MIN=0.4
[2020-10-16 10:03:35]	17143 	INFO 	Get MEM mem_total=15951.4 mem_free=9926.2 mem_used=6025.2 mem_used_per=37.8
[2020-10-16 10:03:35]	17143 	INFO 	Get_info_after_time=2020-10-16 10:03:35
[2020-10-16 10:03:35]	17143 	INFO 	Get_info_time=0.933961
[2020-10-16 10:03:35]	17143 	INFO 	soft_version=DBA3.2.5.4
[2020-10-16 10:03:35]	17143 	INFO 	DBA_ip=192.168.110.85
[2020-10-16 10:03:35]	17143 	INFO 	DBA_eth_R=eth0
[2020-10-16 10:03:36]	17143 	INFO 	tcpreplay_ip=192.168.5.156
[2020-10-16 10:03:36]	17143 	INFO 	tcpreplay_eth_T=eth3
[2020-10-16 10:03:36]	17143 	INFO 	expect_pcap=2896960
[2020-10-16 10:03:36]	17143 	INFO 	expect_sql=1018000
[2020-10-16 10:03:36]	17143 	INFO 	Get_info_cycle=0
[2020-10-16 10:03:36]	17143 	INFO 	PT_RUN_DBA=1
[2020-10-16 10:03:36]	17143 	INFO 	tcpreplay Begin run! tcpreplay_cmd: tcpreplay -M 10 -l 1 -i eth3 /home/meter/loadrunner-moresql-loop100-w10.pcap
[2020-10-16 10:03:36]	17143 	INFO 	Get_info cycle=0 next time=2020-10-16 10:03:45
[2020-10-16 10:03:36]	17143 	INFO 	sleep_time=8
[2020-10-16 10:03:36]	17143 	INFO 	Start sleeping!
[2020-10-16 10:03:45]	17143 	INFO 	Get_info_before_time=2020-10-16 10:03:45
[2020-10-16 10:03:45]	17143 	INFO 	Get system_param table summary_count=0
[2020-10-16 10:03:45]	17143 	INFO 	Get summary_xml_history table index_count=NULL
[2020-10-16 10:03:45]	17143 	INFO 	Get trace_logs_detail_part table count=0
[2020-10-16 10:03:45]	17143 	INFO 	Get inst_db_count table sql=0
[2020-10-16 10:03:45]	17143 	INFO 	Get sga_sql=0
[2020-10-16 10:03:45]	17143 	INFO 	Get eth3 tcpreplay_Tx_pck=328400 tcpreplay_T_d_pck=0
[2020-10-16 10:03:45]	17143 	INFO 	Get_info_after_time=2020-10-16 10:03:45
[2020-10-16 10:03:45]	17143 	INFO 	Get_info_time=0.664139
[2020-10-16 10:03:45]	17143 	INFO 	Get CPU_ALL %User MAX=8.4 AVG=7.0 MIN=5.5
[2020-10-16 10:03:45]	17143 	INFO 	Get CPU_ALL %Sys MAX=14.0 AVG=11.3 MIN=8.7
[2020-10-16 10:03:45]	17143 	INFO 	Get CPU_ALL %CPU MAX=22.4 AVG=18.3 MIN=14.2
[2020-10-16 10:03:45]	17143 	INFO 	Get CPU001 %User MAX=7.2 AVG=6.5 MIN=5.7
[2020-10-16 10:03:45]	17143 	INFO 	Get CPU001 %Sys MAX=11.1 AVG=7.8 MIN=4.5
[2020-10-16 10:03:45]	17143 	INFO 	Get CPU001 %CPU MAX=18.3 AVG=14.3 MIN=10.2
[2020-10-16 10:03:45]	17143 	INFO 	Get CPU002 %User MAX=10.3 AVG=7.2 MIN=4.0
[2020-10-16 10:03:45]	17143 	INFO 	Get CPU002 %Sys MAX=16.7 AVG=12.2 MIN=7.8
[2020-10-16 10:03:45]	17143 	INFO 	Get CPU002 %CPU MAX=27 AVG=19.4 MIN=11.8
[2020-10-16 10:03:45]	17143 	INFO 	Get CPU003 %User MAX=15.4 AVG=13.8 MIN=12.1
[2020-10-16 10:03:45]	17143 	INFO 	Get CPU003 %Sys MAX=27.9 AVG=24.7 MIN=21.5
[2020-10-16 10:03:45]	17143 	INFO 	Get CPU003 %CPU MAX=43.3 AVG=38.5 MIN=33.6
[2020-10-16 10:03:45]	17143 	INFO 	Get CPU004 %User MAX=0.4 AVG=0.3 MIN=0.2
[2020-10-16 10:03:45]	17143 	INFO 	Get CPU004 %Sys MAX=0.6 AVG=0.5 MIN=0.4
[2020-10-16 10:03:45]	17143 	INFO 	Get CPU004 %CPU MAX=1 AVG=0.8 MIN=0.6
[2020-10-16 10:03:45]	17143 	INFO 	Get MEM mem_total=15951.4 mem_free=10043.9 mem_used=5907.5 mem_used_per=37.0
[2020-10-16 10:03:45]	17143 	INFO 	Get_info_after_time=2020-10-16 10:03:45
[2020-10-16 10:03:45]	17143 	INFO 	Get_info_time=0.90254
[2020-10-16 10:03:45]	17143 	INFO 	Count_data_before_time=2020-10-16 10:03:45
[2020-10-16 10:03:45]	17143 	INFO 	expect2fact_Total_Time=10
[2020-10-16 10:03:45]	17143 	INFO 	expect2sga_Total_Time=10
[2020-10-16 10:03:45]	17143 	INFO 	sga2trace_Total_Time=10
[2020-10-16 10:03:45]	17143 	INFO 	sga2index_Total_Time=10
[2020-10-16 10:03:45]	17143 	INFO 	trace2summary_Total_Time=10
[2020-10-16 10:03:45]	17143 	INFO 	tcpreplay param error or DBA error!
